2025-09-23 16:04:14,824 - INFO - Entering read_config
2025-09-23 16:04:14,826 - INFO - Exiting read_config
2025-10-27 17:57:23,309 - INFO - Entering read_config
2025-10-27 17:57:23,311 - INFO - Exiting read_config
2025-10-27 17:57:55,129 - INFO - Entering read_config
2025-10-27 17:57:55,130 - INFO - Exiting read_config
2025-10-27 17:57:55,131 - INFO - Email notifier is not fully configured. Some required settings are missing.
2025-10-27 17:58:01,285 - INFO - Entering read_config
2025-10-27 17:58:01,287 - INFO - Exiting read_config
2025-10-27 17:58:01,288 - INFO - Email notifier is not fully configured. Some required settings are missing.
2025-10-27 18:29:22,077 - INFO - Entering read_config
2025-10-27 18:29:22,082 - INFO - Exiting read_config
2025-10-27 18:29:22,084 - INFO - Entering backup_postgres_db
2025-10-27 18:29:33,418 - INFO - Backup for vstate completed successfully at 2025-10-27 18:29:33 IST
2025-10-27 18:29:33,418 - INFO - Entering send_success_email
2025-10-27 18:30:18,070 - ERROR - Failed to send email notification: [WinError 10060] A connection attempt failed because the connected party did not properly respond after a period of time, or established connection failed because connected host has failed to respond
2025-10-27 18:30:18,071 - INFO - Exiting send_success_email
2025-10-27 18:30:18,071 - INFO - Exiting backup_postgres_db
2025-10-27 18:30:18,071 - INFO - Entering backup_postgres_db
2025-10-27 18:30:26,491 - INFO - Backup for vstateTest completed successfully at 2025-10-27 18:30:26 IST
2025-10-27 18:30:26,492 - INFO - Entering send_success_email
2025-10-27 18:31:08,585 - ERROR - Failed to send email notification: [WinError 10060] A connection attempt failed because the connected party did not properly respond after a period of time, or established connection failed because connected host has failed to respond
2025-10-27 18:31:08,585 - INFO - Exiting send_success_email
2025-10-27 18:31:08,585 - INFO - Exiting backup_postgres_db
2025-10-27 18:31:08,586 - INFO - Entering backup_postgres_db
2025-10-27 18:31:17,375 - INFO - Backup for centralDB completed successfully at 2025-10-27 18:31:17 IST
2025-10-27 18:31:17,375 - INFO - Entering send_success_email
2025-10-27 18:31:59,490 - ERROR - Failed to send email notification: [WinError 10060] A connection attempt failed because the connected party did not properly respond after a period of time, or established connection failed because connected host has failed to respond
2025-10-27 18:31:59,491 - INFO - Exiting send_success_email
2025-10-27 18:31:59,491 - INFO - Exiting backup_postgres_db
2025-10-27 18:31:59,492 - INFO - Entering backup_postgres_db
2025-10-27 18:32:05,111 - INFO - Backup for vstateTestEnv completed successfully at 2025-10-27 18:32:05 IST
2025-10-27 18:32:05,111 - INFO - Entering send_success_email
2025-10-27 18:32:48,312 - ERROR - Failed to send email notification: [WinError 10060] A connection attempt failed because the connected party did not properly respond after a period of time, or established connection failed because connected host has failed to respond
2025-10-27 18:32:48,313 - INFO - Exiting send_success_email
2025-10-27 18:32:48,313 - INFO - Exiting backup_postgres_db
2025-10-27 18:32:48,313 - INFO - Entering backup_postgres_db
2025-10-27 19:23:55,910 - ERROR - Backup failed for plane: pg_dump: error: connection to server at "192.168.1.100", port 5432 failed: Connection timed out (0x0000274C/10060)
	Is the server running on that host and accepting TCP/IP connections?
2025-10-27 19:23:55,911 - INFO - Entering send_failure_email
2025-10-27 19:23:58,402 - ERROR - Failed to send email notification: [Errno 11001] getaddrinfo failed
2025-10-27 19:23:58,402 - INFO - Exiting send_failure_email
2025-10-27 19:23:58,484 - ERROR - Error in backup_postgres_db: Backup failed for plane: pg_dump: error: connection to server at "192.168.1.100", port 5432 failed: Connection timed out (0x0000274C/10060)
	Is the server running on that host and accepting TCP/IP connections? (status=502)
2025-10-27 19:32:38,827 - INFO - Entering read_config
2025-10-27 19:32:38,840 - INFO - Exiting read_config
2025-10-27 19:32:38,841 - INFO - Entering backup_postgres_db
2025-10-27 19:33:00,642 - ERROR - Backup failed for vstate: pg_dump: error: connection to server at "192.168.1.100", port 5432 failed: Connection timed out (0x0000274C/10060)
	Is the server running on that host and accepting TCP/IP connections?
2025-10-27 19:33:00,643 - INFO - Entering send_failure_email
2025-10-27 19:33:08,918 - INFO - Email notification sent successfully to deodhare.shreyas@gmail.com, shreyas.deodhare@redberyltech.com
2025-10-27 19:33:08,919 - INFO - Exiting send_failure_email
2025-10-27 19:33:08,919 - ERROR - Error in backup_postgres_db: Backup failed for vstate: pg_dump: error: connection to server at "192.168.1.100", port 5432 failed: Connection timed out (0x0000274C/10060)
	Is the server running on that host and accepting TCP/IP connections? (status=502)
2025-10-28 01:01:29,820 - INFO - Entering read_config
2025-10-28 01:01:29,830 - INFO - Exiting read_config
2025-10-28 01:01:29,831 - INFO - Entering backup_postgres_db
2025-10-28 01:01:51,579 - ERROR - Backup failed for vstate: pg_dump: error: connection to server at "192.168.1.100", port 5432 failed: Connection timed out (0x0000274C/10060)
	Is the server running on that host and accepting TCP/IP connections?
2025-10-28 01:01:51,579 - INFO - Entering send_failure_email
2025-10-28 01:01:59,611 - INFO - Email notification sent successfully to deodhare.shreyas@gmail.com, shreyas.deodhare@redberyltech.com
2025-10-28 01:01:59,612 - INFO - Exiting send_failure_email
2025-10-28 01:01:59,612 - ERROR - Error in backup_postgres_db: Backup failed for vstate: pg_dump: error: connection to server at "192.168.1.100", port 5432 failed: Connection timed out (0x0000274C/10060)
	Is the server running on that host and accepting TCP/IP connections? (status=502)
2025-10-28 05:02:17,765 - INFO - Entering read_config
2025-10-28 05:02:17,779 - INFO - Exiting read_config
2025-10-28 05:02:17,780 - INFO - Entering backup_postgres_db
2025-10-28 05:02:38,973 - ERROR - Backup failed for vstate: pg_dump: error: connection to server at "192.168.1.100", port 5432 failed: Connection timed out (0x0000274C/10060)
	Is the server running on that host and accepting TCP/IP connections?
2025-10-28 05:02:38,974 - INFO - Entering send_failure_email
2025-10-28 05:02:46,365 - INFO - Email notification sent successfully to deodhare.shreyas@gmail.com, shreyas.deodhare@redberyltech.com
2025-10-28 05:02:46,366 - INFO - Exiting send_failure_email
2025-10-28 05:02:46,366 - ERROR - Error in backup_postgres_db: Backup failed for vstate: pg_dump: error: connection to server at "192.168.1.100", port 5432 failed: Connection timed out (0x0000274C/10060)
	Is the server running on that host and accepting TCP/IP connections? (status=502)
2025-10-28 05:10:43,798 - INFO - Entering read_config
2025-10-28 05:10:43,803 - INFO - Exiting read_config
2025-10-28 05:10:43,803 - INFO - Entering backup_postgres_db
2025-10-28 05:11:05,144 - ERROR - Backup failed for vstate: pg_dump: error: connection to server at "192.168.1.100", port 5432 failed: Connection timed out (0x0000274C/10060)
	Is the server running on that host and accepting TCP/IP connections?
2025-10-28 05:11:05,145 - INFO - Entering send_failure_email
2025-10-28 05:11:11,052 - INFO - Email notification sent successfully to deodhare.shreyas@gmail.com, shreyas.deodhare@redberyltech.com
2025-10-28 05:11:11,053 - INFO - Exiting send_failure_email
2025-10-28 05:11:11,053 - ERROR - Error in backup_postgres_db: Backup failed for vstate: pg_dump: error: connection to server at "192.168.1.100", port 5432 failed: Connection timed out (0x0000274C/10060)
	Is the server running on that host and accepting TCP/IP connections? (status=502)
2025-10-28 10:51:26,011 - INFO - Entering read_config
2025-10-28 10:51:26,056 - INFO - Exiting read_config
2025-10-28 10:51:26,057 - INFO - Entering backup_postgres_db
2025-10-28 10:51:38,594 - INFO - Backup for vstate completed successfully at 2025-10-28 10:51:38 IST
2025-10-28 10:51:38,595 - INFO - Entering send_success_email
2025-10-28 10:51:43,201 - INFO - Email notification sent successfully to deodhare.shreyas@gmail.com, shreyas.deodhare@redberyltech.com
2025-10-28 10:51:43,201 - INFO - Exiting send_success_email
2025-10-28 10:51:43,201 - INFO - Exiting backup_postgres_db
2025-10-28 10:51:43,202 - INFO - Entering backup_postgres_db
2025-10-28 10:51:50,712 - INFO - Backup for vstateTest completed successfully at 2025-10-28 10:51:50 IST
2025-10-28 10:51:50,713 - INFO - Entering send_success_email
2025-10-28 10:51:53,983 - INFO - Email notification sent successfully to deodhare.shreyas@gmail.com, shreyas.deodhare@redberyltech.com
2025-10-28 10:51:53,983 - INFO - Exiting send_success_email
2025-10-28 10:51:53,983 - INFO - Exiting backup_postgres_db
2025-10-28 10:51:53,984 - INFO - Entering backup_postgres_db
2025-10-28 10:52:01,957 - INFO - Backup for centralDB completed successfully at 2025-10-28 10:52:01 IST
2025-10-28 10:52:01,957 - INFO - Entering send_success_email
2025-10-28 10:52:05,390 - INFO - Email notification sent successfully to deodhare.shreyas@gmail.com, shreyas.deodhare@redberyltech.com
2025-10-28 10:52:05,391 - INFO - Exiting send_success_email
2025-10-28 10:52:05,391 - INFO - Exiting backup_postgres_db
2025-10-28 10:52:05,391 - INFO - Entering backup_postgres_db
2025-11-01 21:11:49,049 - INFO - Entering read_config
2025-11-01 21:11:49,182 - INFO - Exiting read_config
2025-11-01 21:11:49,184 - INFO - Entering backup_postgres_db
2025-11-01 21:12:10,987 - ERROR - Backup failed for vstate: pg_dump: error: connection to server at "192.168.1.100", port 5432 failed: Connection timed out (0x0000274C/10060)
	Is the server running on that host and accepting TCP/IP connections?
2025-11-01 21:12:10,987 - INFO - Entering send_failure_email
2025-11-01 21:12:12,104 - INFO - Network connectivity to smtp.gmail.com:587 is available
2025-11-01 21:12:12,104 - INFO - Attempting to connect to SMTP server smtp.gmail.com:587
2025-11-01 21:12:13,035 - INFO - Attempting to login with username: deodhare.shreyas@gmail.com
2025-11-01 21:12:13,716 - INFO - SMTP login successful, sending email...
2025-11-01 21:12:15,987 - INFO - Email notification sent successfully to deodhare.shreyas@gmail.com, shreyas.deodhare@redberyltech.com, shreyasdeodhare18@gmail.com
2025-11-01 21:12:15,988 - INFO - Exiting send_failure_email
2025-11-01 21:12:15,989 - ERROR - Error in backup_postgres_db: Backup failed for vstate: pg_dump: error: connection to server at "192.168.1.100", port 5432 failed: Connection timed out (0x0000274C/10060)
	Is the server running on that host and accepting TCP/IP connections? (status=502)
2025-11-12 11:46:53,359 - INFO - Entering read_config
2025-11-12 11:46:53,372 - INFO - Exiting read_config
2025-11-12 11:46:53,373 - INFO - Entering backup_database
2025-11-12 11:46:53,373 - ERROR - backup_database failed (status=502)
2025-11-12 11:46:53,373 - ERROR - Error in backup_database: backup_database failed (status=502)
2025-11-12 11:48:34,130 - INFO - Entering read_config
2025-11-12 11:48:34,138 - INFO - Exiting read_config
2025-11-12 11:48:34,139 - INFO - Entering backup_database
2025-11-12 11:48:34,139 - ERROR - backup_database failed (status=502)
2025-11-12 11:48:34,139 - ERROR - Error in backup_database: backup_database failed (status=502)
2025-11-12 11:54:44,144 - INFO - Entering read_config
2025-11-12 11:54:44,203 - INFO - Exiting read_config
2025-11-12 11:54:44,204 - INFO - Entering backup_database
2025-11-12 11:54:44,309 - ERROR - Backup failed for vstate (POSTGRES): cannot import name 'PostgresBackup' from 'services.backup_service' (E:\bakup\services\backup_service.py)
2025-11-12 11:54:44,309 - INFO - Entering send_failure_email
2025-11-12 11:54:45,353 - INFO - Network connectivity to smtp.gmail.com:587 is available
2025-11-12 11:54:45,354 - INFO - Attempting to connect to SMTP server smtp.gmail.com:587
2025-11-12 11:54:47,835 - INFO - Attempting to login with username: deodhare.shreyas@gmail.com
2025-11-12 11:54:48,489 - INFO - SMTP login successful, sending email...
2025-11-12 11:54:50,732 - INFO - Email notification sent successfully to deodhare.shreyas@gmail.com, shreyas.deodhare@redberyltech.com, shreyasdeodhare18@gmail.com
2025-11-12 11:54:50,732 - INFO - Exiting send_failure_email
2025-11-12 11:54:50,733 - ERROR - Error in backup_database: Backup failed for vstate (POSTGRES): cannot import name 'PostgresBackup' from 'services.backup_service' (E:\bakup\services\backup_service.py) (status=502)
2025-11-12 11:56:03,309 - INFO - Entering read_config
2025-11-12 11:56:03,315 - INFO - Exiting read_config
2025-11-12 11:56:03,316 - INFO - Entering backup_database
2025-11-12 11:56:03,387 - INFO - Starting PostgreSQL backup of vstate
2025-11-12 11:56:03,389 - ERROR - Backup failed for vstate (POSTGRES): name 'backup_command' is not defined
2025-11-12 11:56:03,389 - INFO - Entering send_failure_email
2025-11-12 11:56:03,773 - INFO - Network connectivity to smtp.gmail.com:587 is available
2025-11-12 11:56:03,774 - INFO - Attempting to connect to SMTP server smtp.gmail.com:587
2025-11-12 11:56:05,990 - INFO - Attempting to login with username: deodhare.shreyas@gmail.com
2025-11-12 11:56:06,627 - INFO - SMTP login successful, sending email...
2025-11-12 11:56:08,936 - INFO - Email notification sent successfully to deodhare.shreyas@gmail.com, shreyas.deodhare@redberyltech.com, shreyasdeodhare18@gmail.com
2025-11-12 11:56:08,936 - INFO - Exiting send_failure_email
2025-11-12 11:56:08,937 - ERROR - Error in backup_database: Backup failed for vstate (POSTGRES): name 'backup_command' is not defined (status=502)
2025-11-12 11:56:51,078 - INFO - Entering read_config
2025-11-12 11:56:51,088 - INFO - Exiting read_config
2025-11-12 11:56:51,092 - INFO - Entering backup_database
2025-11-12 11:56:51,234 - INFO - Starting PostgreSQL backup of vstate
2025-11-12 11:57:00,082 - INFO - PostgreSQL backup completed: \home\redberyl\backupdata\backupdata\bakupdata\vstate_20251112_115651.sql
2025-11-12 11:57:00,082 - ERROR - Backup failed for vstate (POSTGRES): 'NoneType' object has no attribute 'send_success_email'
2025-11-12 11:57:00,082 - INFO - Entering send_failure_email
2025-11-12 11:57:01,229 - INFO - Network connectivity to smtp.gmail.com:587 is available
2025-11-12 11:57:01,231 - INFO - Attempting to connect to SMTP server smtp.gmail.com:587
2025-11-12 11:57:03,544 - INFO - Attempting to login with username: deodhare.shreyas@gmail.com
2025-11-12 11:57:04,168 - INFO - SMTP login successful, sending email...
2025-11-12 11:57:06,387 - INFO - Email notification sent successfully to deodhare.shreyas@gmail.com, shreyas.deodhare@redberyltech.com, shreyasdeodhare18@gmail.com
2025-11-12 11:57:06,388 - INFO - Exiting send_failure_email
2025-11-12 11:57:06,388 - ERROR - Error in backup_database: Backup failed for vstate (POSTGRES): 'NoneType' object has no attribute 'send_success_email' (status=502)
2025-11-12 11:57:37,557 - INFO - Entering read_config
2025-11-12 11:57:37,563 - INFO - Exiting read_config
2025-11-12 11:57:37,563 - INFO - Entering backup_database
2025-11-12 11:57:37,615 - INFO - Starting PostgreSQL backup of vstate
2025-11-12 11:57:40,188 - INFO - PostgreSQL backup completed: \home\redberyl\backupdata\backupdata\bakupdata\vstate_20251112_115737.sql
2025-11-12 11:57:40,189 - ERROR - Backup failed for vstate (POSTGRES): 'NoneType' object has no attribute 'send_success_email'
2025-11-12 11:57:40,189 - INFO - Entering send_failure_email
2025-11-12 11:57:40,530 - INFO - Network connectivity to smtp.gmail.com:587 is available
2025-11-12 11:57:40,531 - INFO - Attempting to connect to SMTP server smtp.gmail.com:587
2025-11-12 11:57:42,671 - INFO - Attempting to login with username: deodhare.shreyas@gmail.com
2025-11-12 11:57:43,299 - INFO - SMTP login successful, sending email...
2025-11-12 11:57:45,326 - INFO - Email notification sent successfully to deodhare.shreyas@gmail.com, shreyas.deodhare@redberyltech.com, shreyasdeodhare18@gmail.com
2025-11-12 11:57:45,327 - INFO - Exiting send_failure_email
2025-11-12 11:57:45,327 - ERROR - Error in backup_database: Backup failed for vstate (POSTGRES): 'NoneType' object has no attribute 'send_success_email' (status=502)
2025-11-12 11:58:20,932 - INFO - Entering read_config
2025-11-12 11:58:20,938 - INFO - Exiting read_config
2025-11-12 11:58:20,939 - INFO - Entering backup_database
2025-11-12 11:58:20,991 - INFO - Starting PostgreSQL backup of vstate
2025-11-12 11:58:23,353 - INFO - PostgreSQL backup completed: \home\redberyl\backupdata\backupdata\bakupdata\vstate_20251112_115820.sql
2025-11-12 11:58:23,355 - INFO - Entering send_success_email
2025-11-12 11:58:23,731 - INFO - Network connectivity to smtp.gmail.com:587 is available
2025-11-12 11:58:23,732 - INFO - Attempting to connect to SMTP server smtp.gmail.com:587
2025-11-12 11:58:26,032 - INFO - Attempting to login with username: deodhare.shreyas@gmail.com
2025-11-12 11:58:26,680 - INFO - SMTP login successful, sending email...
2025-11-12 11:58:28,941 - INFO - Email notification sent successfully to deodhare.shreyas@gmail.com, shreyas.deodhare@redberyltech.com, shreyasdeodhare18@gmail.com
2025-11-12 11:58:28,942 - INFO - Exiting send_success_email
2025-11-12 11:58:28,942 - INFO - Exiting backup_database
2025-11-12 11:58:28,942 - INFO - Entering backup_database
2025-11-12 11:58:28,944 - INFO - Starting PostgreSQL backup of vstateTest
2025-11-12 11:58:32,502 - INFO - PostgreSQL backup completed: \home\redberyl\backupdata\backupdata\bakupdata\vstateTest_20251112_115828.sql
2025-11-12 11:58:32,502 - INFO - Entering send_success_email
2025-11-12 11:58:32,566 - INFO - Network connectivity to smtp.gmail.com:587 is available
2025-11-12 11:58:32,567 - INFO - Attempting to connect to SMTP server smtp.gmail.com:587
2025-11-12 11:58:34,657 - INFO - Attempting to login with username: deodhare.shreyas@gmail.com
2025-11-12 11:58:35,300 - INFO - SMTP login successful, sending email...
2025-11-12 11:58:37,398 - INFO - Email notification sent successfully to deodhare.shreyas@gmail.com, shreyas.deodhare@redberyltech.com, shreyasdeodhare18@gmail.com
2025-11-12 11:58:37,398 - INFO - Exiting send_success_email
2025-11-12 11:58:37,399 - INFO - Exiting backup_database
2025-11-12 11:58:37,399 - INFO - Entering backup_database
2025-11-12 11:58:37,401 - INFO - Starting PostgreSQL backup of centralDB
2025-11-12 11:58:40,849 - INFO - PostgreSQL backup completed: \home\redberyl\backupdata\backupdata\bakupdata\centralDB_20251112_115837.sql
2025-11-12 11:58:40,850 - INFO - Entering send_success_email
2025-11-12 11:58:40,932 - INFO - Network connectivity to smtp.gmail.com:587 is available
2025-11-12 11:58:40,933 - INFO - Attempting to connect to SMTP server smtp.gmail.com:587
2025-11-12 11:58:43,014 - INFO - Attempting to login with username: deodhare.shreyas@gmail.com
2025-11-12 11:58:43,633 - INFO - SMTP login successful, sending email...
2025-11-12 11:58:45,716 - INFO - Email notification sent successfully to deodhare.shreyas@gmail.com, shreyas.deodhare@redberyltech.com, shreyasdeodhare18@gmail.com
2025-11-12 11:58:45,717 - INFO - Exiting send_success_email
2025-11-12 11:58:45,717 - INFO - Exiting backup_database
2025-11-12 11:58:45,717 - INFO - Entering backup_database
2025-11-12 11:58:45,718 - INFO - Starting PostgreSQL backup of vstateTestEnv
2025-11-12 11:58:49,194 - INFO - PostgreSQL backup completed: \home\redberyl\backupdata\backupdata\bakupdata\vstateTestEnv_20251112_115845.sql
2025-11-12 11:58:49,194 - INFO - Entering send_success_email
2025-11-12 11:58:49,281 - INFO - Network connectivity to smtp.gmail.com:587 is available
2025-11-12 11:58:49,282 - INFO - Attempting to connect to SMTP server smtp.gmail.com:587
2025-11-12 11:58:51,367 - INFO - Attempting to login with username: deodhare.shreyas@gmail.com
2025-11-12 11:58:51,993 - INFO - SMTP login successful, sending email...
2025-11-12 11:58:54,074 - INFO - Email notification sent successfully to deodhare.shreyas@gmail.com, shreyas.deodhare@redberyltech.com, shreyasdeodhare18@gmail.com
2025-11-12 11:58:54,074 - INFO - Exiting send_success_email
2025-11-12 11:58:54,075 - INFO - Exiting backup_database
2025-11-12 11:58:54,075 - INFO - Entering backup_database
2025-11-12 11:58:54,076 - INFO - Starting PostgreSQL backup of plane
2025-11-12 11:58:55,070 - INFO - PostgreSQL backup completed: \home\redberyl\backupdata\backupdata\bakupdata\plane_20251112_115854.sql
2025-11-12 11:58:55,071 - INFO - Entering send_success_email
2025-11-12 11:58:55,150 - INFO - Network connectivity to smtp.gmail.com:587 is available
2025-11-12 11:58:55,150 - INFO - Attempting to connect to SMTP server smtp.gmail.com:587
2025-11-12 11:58:56,806 - INFO - Attempting to login with username: deodhare.shreyas@gmail.com
2025-11-12 11:58:57,460 - INFO - SMTP login successful, sending email...
2025-11-12 11:58:59,702 - INFO - Email notification sent successfully to deodhare.shreyas@gmail.com, shreyas.deodhare@redberyltech.com, shreyasdeodhare18@gmail.com
2025-11-12 11:58:59,702 - INFO - Exiting send_success_email
2025-11-12 11:58:59,702 - INFO - Exiting backup_database
2025-11-12 11:58:59,703 - INFO - Entering backup_database
2025-11-12 11:58:59,704 - INFO - Starting PostgreSQL backup of sonarqube
2025-11-12 11:59:00,542 - INFO - PostgreSQL backup completed: \home\redberyl\backupdata\backupdata\bakupdata\sonarqube_20251112_115859.sql
2025-11-12 11:59:00,542 - INFO - Entering send_success_email
2025-11-12 11:59:00,632 - INFO - Network connectivity to smtp.gmail.com:587 is available
2025-11-12 11:59:00,633 - INFO - Attempting to connect to SMTP server smtp.gmail.com:587
2025-11-12 11:59:02,788 - INFO - Attempting to login with username: deodhare.shreyas@gmail.com
2025-11-12 11:59:03,458 - INFO - SMTP login successful, sending email...
2025-11-12 11:59:05,778 - INFO - Email notification sent successfully to deodhare.shreyas@gmail.com, shreyas.deodhare@redberyltech.com, shreyasdeodhare18@gmail.com
2025-11-12 11:59:05,778 - INFO - Exiting send_success_email
2025-11-12 11:59:05,778 - INFO - Exiting backup_database
2025-11-12 11:59:05,779 - INFO - Entering backup_database
2025-11-12 11:59:05,782 - INFO - Starting MSSQL backup of AsmTest
2025-11-12 11:59:05,937 - ERROR - MSSQL backup failed for AsmTest: 'sqlcmd' is not recognized as an internal or external command,
operable program or batch file.
2025-11-12 11:59:05,938 - INFO - Entering send_failure_email
2025-11-12 11:59:06,013 - INFO - Network connectivity to smtp.gmail.com:587 is available
2025-11-12 11:59:06,014 - INFO - Attempting to connect to SMTP server smtp.gmail.com:587
2025-11-12 11:59:07,680 - INFO - Attempting to login with username: deodhare.shreyas@gmail.com
2025-11-12 11:59:08,336 - INFO - SMTP login successful, sending email...
2025-11-12 11:59:10,546 - INFO - Email notification sent successfully to deodhare.shreyas@gmail.com, shreyas.deodhare@redberyltech.com, shreyasdeodhare18@gmail.com
2025-11-12 11:59:10,546 - INFO - Exiting send_failure_email
2025-11-12 11:59:10,547 - ERROR - Backup failed for AsmTest (MSSQL): MSSQL backup failed for AsmTest: 'sqlcmd' is not recognized as an internal or external command,
operable program or batch file. (status=502)
2025-11-12 11:59:10,547 - INFO - Entering send_failure_email
2025-11-12 11:59:10,613 - INFO - Network connectivity to smtp.gmail.com:587 is available
2025-11-12 11:59:10,613 - INFO - Attempting to connect to SMTP server smtp.gmail.com:587
2025-11-12 11:59:12,692 - INFO - Attempting to login with username: deodhare.shreyas@gmail.com
2025-11-12 11:59:13,329 - INFO - SMTP login successful, sending email...
2025-11-12 11:59:15,531 - INFO - Email notification sent successfully to deodhare.shreyas@gmail.com, shreyas.deodhare@redberyltech.com, shreyasdeodhare18@gmail.com
2025-11-12 11:59:15,531 - INFO - Exiting send_failure_email
2025-11-12 11:59:15,531 - ERROR - Error in backup_database: Backup failed for AsmTest (MSSQL): MSSQL backup failed for AsmTest: 'sqlcmd' is not recognized as an internal or external command,
operable program or batch file. (status=502) (status=502)
